  pch.cpp
  MysqlTestDemo.cpp
MysqlTestDemo.obj : error LNK2019: 无法解析的外部符号 _mysql_num_rows@4，该符号在函数 _main 中被引用
MysqlTestDemo.obj : error LNK2019: 无法解析的外部符号 _mysql_error@4，该符号在函数 _main 中被引用
MysqlTestDemo.obj : error LNK2019: 无法解析的外部符号 _mysql_init@4，该符号在函数 _main 中被引用
MysqlTestDemo.obj : error LNK2019: 无法解析的外部符号 _mysql_real_connect@32，该符号在函数 _main 中被引用
MysqlTestDemo.obj : error LNK2019: 无法解析的外部符号 _mysql_query@8，该符号在函数 _main 中被引用
MysqlTestDemo.obj : error LNK2019: 无法解析的外部符号 _mysql_store_result@4，该符号在函数 _main 中被引用
MysqlTestDemo.obj : error LNK2019: 无法解析的外部符号 _mysql_free_result@4，该符号在函数 _main 中被引用
MysqlTestDemo.obj : error LNK2019: 无法解析的外部符号 _mysql_fetch_row@4，该符号在函数 _main 中被引用
MysqlTestDemo.obj : error LNK2019: 无法解析的外部符号 _mysql_close@4，该符号在函数 _main 中被引用
D:\cpp\VSworkspace\MysqlTestDemo\mysql-connector-c-6.1.11-winx64\lib\libmysql.lib : warning LNK4272: 库计算机类型“x64”与目标计算机类型“x86”冲突
D:\cpp\VSworkspace\MysqlTestDemo\Debug\MysqlTestDemo.exe : fatal error LNK1120: 9 个无法解析的外部命令
